2012.02.15 11:16 B S:\[CityGML]\[CityGML-20]\XML-Schemata\3.1.1\base\basicTypes.xsd <-- nagel /2.0/XML-Schemata/3.1.1/base basicTypes.xsd
2012.02.15 11:16 B S:\[CityGML]\[CityGML-20]\XML-Schemata\3.1.1\base\coordinateOperations.xsd <-- nagel /2.0/XML-Schemata/3.1.1/base coordinateOperations.xsd
2012.02.15 11:16 B S:\[CityGML]\[CityGML-20]\XML-Schemata\3.1.1\base\coordinateReferenceSystems.xsd <-- nagel /2.0/XML-Schemata/3.1.1/base coordinateReferenceSystems.xsd
2012.02.15 11:16 B S:\[CityGML]\[CityGML-20]\XML-Schemata\3.1.1\base\coordinateSystems.xsd <-- nagel /2.0/XML-Schemata/3.1.1/base coordinateSystems.xsd
2012.02.15 11:16 B S:\[CityGML]\[CityGML-20]\XML-Schemata\3.1.1\base\coverage.xsd <-- nagel /2.0/XML-Schemata/3.1.1/base coverage.xsd
2012.02.15 11:16 B S:\[CityGML]\[CityGML-20]\XML-Schemata\3.1.1\base\dataQuality.xsd <-- nagel /2.0/XML-Schemata/3.1.1/base dataQuality.xsd
2012.02.15 11:16 B S:\[CityGML]\[CityGML-20]\XML-Schemata\3.1.1\base\datums.xsd <-- nagel /2.0/XML-Schemata/3.1.1/base datums.xsd
2012.02.15 11:16 B S:\[CityGML]\[CityGML-20]\XML-Schemata\3.1.1\base\defaultStyle.xsd <-- nagel /2.0/XML-Schemata/3.1.1/base defaultStyle.xsd
2012.02.15 11:16 B S:\[CityGML]\[CityGML-20]\XML-Schemata\3.1.1\base\dictionary.xsd <-- nagel /2.0/XML-Schemata/3.1.1/base dictionary.xsd
2012.02.15 11:16 B S:\[CityGML]\[CityGML-20]\XML-Schemata\3.1.1\base\direction.xsd <-- nagel /2.0/XML-Schemata/3.1.1/base direction.xsd
2012.02.15 11:16 B S:\[CityGML]\[CityGML-20]\XML-Schemata\3.1.1\base\dynamicFeature.xsd <-- nagel /2.0/XML-Schemata/3.1.1/base dynamicFeature.xsd
2012.02.15 11:16 B S:\[CityGML]\[CityGML-20]\XML-Schemata\3.1.1\base\feature.xsd <-- nagel /2.0/XML-Schemata/3.1.1/base feature.xsd
2012.02.15 11:16 B S:\[CityGML]\[CityGML-20]\XML-Schemata\3.1.1\base\geometryAggregates.xsd <-- nagel /2.0/XML-Schemata/3.1.1/base geometryAggregates.xsd
2012.02.15 11:16 B S:\[CityGML]\[CityGML-20]\XML-Schemata\3.1.1\base\geometryBasic0d1d.xsd <-- nagel /2.0/XML-Schemata/3.1.1/base geometryBasic0d1d.xsd
2012.02.15 11:16 B S:\[CityGML]\[CityGML-20]\XML-Schemata\3.1.1\base\geometryBasic2d.xsd <-- nagel /2.0/XML-Schemata/3.1.1/base geometryBasic2d.xsd
2012.02.15 11:16 B S:\[CityGML]\[CityGML-20]\XML-Schemata\3.1.1\base\geometryComplexes.xsd <-- nagel /2.0/XML-Schemata/3.1.1/base geometryComplexes.xsd
2012.02.15 11:16 B S:\[CityGML]\[CityGML-20]\XML-Schemata\3.1.1\base\geometryPrimitives.xsd <-- nagel /2.0/XML-Schemata/3.1.1/base geometryPrimitives.xsd
2012.02.15 11:16 B S:\[CityGML]\[CityGML-20]\XML-Schemata\3.1.1\base\gml.xsd <-- nagel /2.0/XML-Schemata/3.1.1/base gml.xsd
2012.02.15 11:16 B S:\[CityGML]\[CityGML-20]\XML-Schemata\3.1.1\base\gmlBase.xsd <-- nagel /2.0/XML-Schemata/3.1.1/base gmlBase.xsd
2012.02.15 11:16 B S:\[CityGML]\[CityGML-20]\XML-Schemata\3.1.1\base\grids.xsd <-- nagel /2.0/XML-Schemata/3.1.1/base grids.xsd
2012.02.15 11:16 B S:\[CityGML]\[CityGML-20]\XML-Schemata\3.1.1\base\measures.xsd <-- nagel /2.0/XML-Schemata/3.1.1/base measures.xsd
2012.02.15 11:16 B S:\[CityGML]\[CityGML-20]\XML-Schemata\3.1.1\base\observation.xsd <-- nagel /2.0/XML-Schemata/3.1.1/base observation.xsd
2012.02.15 11:16 B S:\[CityGML]\[CityGML-20]\XML-Schemata\3.1.1\base\ReadMe.txt <-- nagel /2.0/XML-Schemata/3.1.1/base ReadMe.txt
2012.02.15 11:16 B S:\[CityGML]\[CityGML-20]\XML-Schemata\3.1.1\base\referenceSystems.xsd <-- nagel /2.0/XML-Schemata/3.1.1/base referenceSystems.xsd
2012.02.15 11:16 B S:\[CityGML]\[CityGML-20]\XML-Schemata\3.1.1\base\temporal.xsd <-- nagel /2.0/XML-Schemata/3.1.1/base temporal.xsd
2012.02.15 11:16 B S:\[CityGML]\[CityGML-20]\XML-Schemata\3.1.1\base\temporalReferenceSystems.xsd <-- nagel /2.0/XML-Schemata/3.1.1/base temporalReferenceSystems.xsd
2012.02.15 11:16 B S:\[CityGML]\[CityGML-20]\XML-Schemata\3.1.1\base\temporalTopology.xsd <-- nagel /2.0/XML-Schemata/3.1.1/base temporalTopology.xsd
2012.02.15 11:16 B S:\[CityGML]\[CityGML-20]\XML-Schemata\3.1.1\base\topology.xsd <-- nagel /2.0/XML-Schemata/3.1.1/base topology.xsd
2012.02.15 11:16 B S:\[CityGML]\[CityGML-20]\XML-Schemata\3.1.1\base\units.xsd <-- nagel /2.0/XML-Schemata/3.1.1/base units.xsd
2012.02.15 11:16 B S:\[CityGML]\[CityGML-20]\XML-Schemata\3.1.1\base\valueObjects.xsd <-- nagel /2.0/XML-Schemata/3.1.1/base valueObjects.xsd
