C:\DATEN\XPLANUNG\XPLANGML-TOOLBOX\X3D-MODULE\LIB\X3D-MODULE_D.LIB
C:\Daten\XPlanung\XPlanGML-Toolbox\X3D-Module\X3D-Module\..\lib\X3D-Module_d.lib
C:\DATEN\XPLANUNG\XPLANGML-TOOLBOX\X3D-MODULE\X3D-MODULE\DEBUG\.NETFRAMEWORK,VERSION=V4.0.ASSEMBLYATTRIBUTES.OBJ
C:\DATEN\XPLANUNG\XPLANGML-TOOLBOX\X3D-MODULE\X3D-MODULE\DEBUG\A.OBJ
C:\DATEN\XPLANUNG\XPLANGML-TOOLBOX\X3D-MODULE\X3D-MODULE\DEBUG\BACKGROUND.OBJ
C:\DATEN\XPLANUNG\XPLANGML-TOOLBOX\X3D-MODULE\X3D-MODULE\DEBUG\BUTTON.OBJ
C:\Daten\XPlanung\XPlanGML-Toolbox\X3D-Module\X3D-Module\Debug\cl.command.1.tlog
C:\Daten\XPlanung\XPlanGML-Toolbox\X3D-Module\X3D-Module\Debug\CL.read.1.tlog
C:\Daten\XPlanung\XPlanGML-Toolbox\X3D-Module\X3D-Module\Debug\CL.write.1.tlog
C:\DATEN\XPLANUNG\XPLANGML-TOOLBOX\X3D-MODULE\X3D-MODULE\DEBUG\COMPOSEDGEOMETRYNODE.OBJ
C:\DATEN\XPLANUNG\XPLANGML-TOOLBOX\X3D-MODULE\X3D-MODULE\DEBUG\COORDINATE.OBJ
C:\DATEN\XPLANUNG\XPLANGML-TOOLBOX\X3D-MODULE\X3D-MODULE\DEBUG\DD.OBJ
C:\DATEN\XPLANUNG\XPLANGML-TOOLBOX\X3D-MODULE\X3D-MODULE\DEBUG\DEFABLE.OBJ
C:\DATEN\XPLANUNG\XPLANGML-TOOLBOX\X3D-MODULE\X3D-MODULE\DEBUG\DIV.OBJ
C:\DATEN\XPLANUNG\XPLANGML-TOOLBOX\X3D-MODULE\X3D-MODULE\DEBUG\DL.OBJ
C:\DATEN\XPLANUNG\XPLANGML-TOOLBOX\X3D-MODULE\X3D-MODULE\DEBUG\DT.OBJ
C:\DATEN\XPLANUNG\XPLANGML-TOOLBOX\X3D-MODULE\X3D-MODULE\DEBUG\EVENTABLE.OBJ
C:\DATEN\XPLANUNG\XPLANGML-TOOLBOX\X3D-MODULE\X3D-MODULE\DEBUG\GLOBALDEF.OBJ
C:\DATEN\XPLANUNG\XPLANGML-TOOLBOX\X3D-MODULE\X3D-MODULE\DEBUG\GROUP.OBJ
C:\DATEN\XPLANUNG\XPLANGML-TOOLBOX\X3D-MODULE\X3D-MODULE\DEBUG\GROUPING.OBJ
C:\DATEN\XPLANUNG\XPLANGML-TOOLBOX\X3D-MODULE\X3D-MODULE\DEBUG\IDABLE.OBJ
C:\DATEN\XPLANUNG\XPLANGML-TOOLBOX\X3D-MODULE\X3D-MODULE\DEBUG\INDEXABLE.OBJ
C:\DATEN\XPLANUNG\XPLANGML-TOOLBOX\X3D-MODULE\X3D-MODULE\DEBUG\INDEXEDFACESET.OBJ
C:\DATEN\XPLANUNG\XPLANGML-TOOLBOX\X3D-MODULE\X3D-MODULE\DEBUG\INDEXEDLINESET.OBJ
C:\DATEN\XPLANUNG\XPLANGML-TOOLBOX\X3D-MODULE\X3D-MODULE\DEBUG\INDEXEDTRIANGLESET.OBJ
C:\DATEN\XPLANUNG\XPLANGML-TOOLBOX\X3D-MODULE\X3D-MODULE\DEBUG\INPUT.OBJ
C:\DATEN\XPLANUNG\XPLANGML-TOOLBOX\X3D-MODULE\X3D-MODULE\DEBUG\INPUTNODE.OBJ
C:\Daten\XPlanung\XPlanGML-Toolbox\X3D-Module\X3D-Module\Debug\lib.command.1.tlog
C:\Daten\XPlanung\XPlanGML-Toolbox\X3D-Module\X3D-Module\Debug\Lib-link.read.1.tlog
C:\Daten\XPlanung\XPlanGML-Toolbox\X3D-Module\X3D-Module\Debug\Lib-link.write.1.tlog
C:\DATEN\XPLANUNG\XPLANGML-TOOLBOX\X3D-MODULE\X3D-MODULE\DEBUG\MATERIAL.OBJ
C:\DATEN\XPLANUNG\XPLANGML-TOOLBOX\X3D-MODULE\X3D-MODULE\DEBUG\METAABLE.OBJ
C:\Daten\XPlanung\XPlanGML-Toolbox\X3D-Module\X3D-Module\Debug\metagen.read.1.tlog
C:\Daten\XPlanung\XPlanGML-Toolbox\X3D-Module\X3D-Module\Debug\metagen.write.1.tlog
C:\DATEN\XPLANUNG\XPLANGML-TOOLBOX\X3D-MODULE\X3D-MODULE\DEBUG\POINT3D.OBJ
C:\DATEN\XPLANUNG\XPLANGML-TOOLBOX\X3D-MODULE\X3D-MODULE\DEBUG\POINTSET.OBJ
C:\DATEN\XPLANUNG\XPLANGML-TOOLBOX\X3D-MODULE\X3D-MODULE\DEBUG\ROTATION.OBJ
C:\Daten\XPlanung\XPlanGML-Toolbox\X3D-Module\X3D-Module\Debug\RSAENH.DLL.bi
C:\DATEN\XPLANUNG\XPLANGML-TOOLBOX\X3D-MODULE\X3D-MODULE\DEBUG\SCENE.OBJ
C:\DATEN\XPLANUNG\XPLANGML-TOOLBOX\X3D-MODULE\X3D-MODULE\DEBUG\SHAPE.OBJ
C:\DATEN\XPLANUNG\XPLANGML-TOOLBOX\X3D-MODULE\X3D-MODULE\DEBUG\SWITCH.OBJ
C:\DATEN\XPLANUNG\XPLANGML-TOOLBOX\X3D-MODULE\X3D-MODULE\DEBUG\TINYXML2.OBJ
C:\Daten\XPlanung\XPlanGML-Toolbox\X3D-Module\X3D-Module\Debug\TZRES.DLL.bi
C:\Daten\XPlanung\XPlanGML-Toolbox\X3D-Module\X3D-Module\Debug\vc100.idb
C:\DATEN\XPLANUNG\XPLANGML-TOOLBOX\X3D-MODULE\X3D-MODULE\DEBUG\VC100.PDB
C:\DATEN\XPLANUNG\XPLANGML-TOOLBOX\X3D-MODULE\X3D-MODULE\DEBUG\VIEWPOINT.OBJ
C:\DATEN\XPLANUNG\XPLANGML-TOOLBOX\X3D-MODULE\X3D-MODULE\DEBUG\VISUALPARAMS.OBJ
C:\DATEN\XPLANUNG\XPLANGML-TOOLBOX\X3D-MODULE\X3D-MODULE\DEBUG\X3DAPPEARANCE.OBJ
C:\DATEN\XPLANUNG\XPLANGML-TOOLBOX\X3D-MODULE\X3D-MODULE\DEBUG\X3DCOLOR.OBJ
C:\Daten\XPlanung\XPlanGML-Toolbox\X3D-Module\X3D-Module\Debug\X3D-Module.vcxprojResolveAssemblyReference.cache
C:\Daten\XPlanung\XPlanGML-Toolbox\X3D-Module\X3D-Module\Debug\X3D-Module.write.1.tlog
C:\DATEN\XPLANUNG\XPLANGML-TOOLBOX\X3D-MODULE\X3D-MODULE\DEBUG\X3DNODE.OBJ
C:\DATEN\XPLANUNG\XPLANGML-TOOLBOX\X3D-MODULE\X3D-MODULE\DEBUG\X3D-VIEWER.OBJ
C:\DATEN\XPLANUNG\XPLANGML-TOOLBOX\X3D-MODULE\X3D-MODULE\DEBUG\XHTMLNODE.OBJ
